<?xml version="1.0" encoding="UTF-8"?>
<!-- Generated by org.testng.reporters.JUnitXMLReporter -->
<testsuite ignored="1" hostname="LAPTOP-ROGDM6RC" failures="0" tests="2" name="OrangeHRMTest" time="74.018" errors="0" timestamp="2026-01-16T01:05:40 IST">
  <testcase classname="com.orangeHRM.test.DummyClass" name="dummyTest" time="0.033"/>
  <testcase classname="com.orangeHRM.test.LoginPageTest" name="inValidLoginTest" time="10.78"/>
  <testcase classname="com.orangeHRM.base.BaseClass" name="@BeforeSuite loadConfig" time="0.0">
    <ignored/>
  </testcase> <!-- @BeforeSuite loadConfig -->
</testsuite> <!-- OrangeHRMTest -->
