<?xml version="1.0" encoding="UTF-8"?>
<testng-results ignored="0" total="1" passed="1" failed="0" skipped="0">
  <reporter-output>
  </reporter-output>
  <suite started-at="2026-01-16T09:51:47 IST" name="Default suite" finished-at="2026-01-16T09:52:27 IST" duration-ms="40202">
    <groups>
    </groups>
    <test started-at="2026-01-16T09:51:47 IST" name="Default test" finished-at="2026-01-16T09:52:27 IST" duration-ms="40202">
      <class name="com.orangeHRM.test.HomePageTest">
        <test-method is-config="true" signature="loadConfig()[pri:0, instance:com.orangeHRM.test.HomePageTest@3eb25e1a]" started-at="2026-01-16T09:51:47 IST" name="loadConfig" finished-at="2026-01-16T09:51:47 IST" duration-ms="27" status="PASS">
          <reporter-output>
          </reporter-output>
        </test-method> <!-- loadConfig -->
        <test-method is-config="true" signature="setup()[pri:0, instance:com.orangeHRM.test.HomePageTest@3eb25e1a]" started-at="2026-01-16T09:51:47 IST" name="setup" finished-at="2026-01-16T09:52:18 IST" duration-ms="30519" status="PASS">
          <reporter-output>
          </reporter-output>
        </test-method> <!-- setup -->
        <test-method is-config="true" signature="setupPages()[pri:0, instance:com.orangeHRM.test.HomePageTest@3eb25e1a]" started-at="2026-01-16T09:52:18 IST" name="setupPages" finished-at="2026-01-16T09:52:18 IST" duration-ms="25" status="PASS">
          <reporter-output>
          </reporter-output>
        </test-method> <!-- setupPages -->
        <test-method signature="verifyOrangeHRMLogo()[pri:0, instance:com.orangeHRM.test.HomePageTest@3eb25e1a]" started-at="2026-01-16T09:52:18 IST" name="verifyOrangeHRMLogo" finished-at="2026-01-16T09:52:27 IST" duration-ms="9058" status="PASS">
          <reporter-output>
          </reporter-output>
        </test-method> <!-- verifyOrangeHRMLogo -->
        <test-method is-config="true" signature="tearDown()[pri:0, instance:com.orangeHRM.test.HomePageTest@3eb25e1a]" started-at="2026-01-16T09:52:27 IST" name="tearDown" finished-at="2026-01-16T09:52:27 IST" duration-ms="552" status="PASS">
          <reporter-output>
          </reporter-output>
        </test-method> <!-- tearDown -->
      </class> <!-- com.orangeHRM.test.HomePageTest -->
    </test> <!-- Default test -->
  </suite> <!-- Default suite -->
</testng-results>
